[17:27:23] [ServerMain/INFO]: Environment: Environment[sessionHost=https://sessionserver.mojang.com, servicesHost=https://api.minecraftservices.com, name=PROD]
[17:27:25] [ServerMain/INFO]: Loaded 1175 recipes
[17:27:25] [ServerMain/INFO]: Loaded 1276 advancements
[17:27:25] [Server thread/INFO]: Starting minecraft server version 1.20.6
[17:27:25] [Server thread/INFO]: Loading properties
[17:27:25] [Server thread/INFO]: This server is running Paper version 1.20.6-150-ver/1.20.6@e61b73f (2024-09-16T19:18:19Z) (Implementing API version 1.20.6-R0.1-SNAPSHOT)
[17:27:26] [Server thread/INFO]: Server Ping Player Sample Count: 12
[17:27:26] [Server thread/INFO]: Using 4 threads for Netty based IO
[17:27:27] [Server thread/WARN]: [!] The timings profiler has been enabled but has been scheduled for removal from Paper in the future.
    We recommend installing the spark profiler as a replacement: https://spark.lucko.me/
    For more information please visit: https://github.com/PaperMC/Paper/issues/8948
[17:27:27] [Server thread/INFO]: [ChunkTaskScheduler] Chunk system is using 1 I/O threads, 4 worker threads, and gen parallelism of 4 threads
[17:27:27] [Server thread/INFO]: Default game type: SURVIVAL
[17:27:27] [Server thread/INFO]: Generating keypair
[17:27:27] [Server thread/INFO]: Starting Minecraft server on *:25565
[17:27:27] [Server thread/INFO]: Using default channel type
[17:27:27] [Server thread/INFO]: Paper: Using Java compression from Velocity.
[17:27:27] [Server thread/INFO]: Paper: Using Java cipher from Velocity.
[17:27:27] [Server thread/INFO]: Server permissions file permissions.yml is empty, ignoring it
[17:27:27] [Server thread/WARN]: **** SERVER IS RUNNING IN OFFLINE/INSECURE MODE!
[17:27:27] [Server thread/WARN]: The server will make no attempt to authenticate usernames. Beware.
[17:27:27] [Server thread/WARN]: While this makes the game possible to play without internet access, it also opens up the ability for hackers to connect with any username they choose.
[17:27:27] [Server thread/WARN]: To change this, set "online-mode" to "true" in the server.properties file.
[17:27:27] [Server thread/INFO]: Preparing level "world"
[17:27:28] [Server thread/INFO]: Preparing start region for dimension minecraft:overworld
[17:27:29] [Server thread/INFO]: Time elapsed: 1332 ms
[17:27:29] [Server thread/INFO]: Preparing start region for dimension minecraft:the_nether
[17:27:30] [Server thread/INFO]: Time elapsed: 142 ms
[17:27:30] [Server thread/INFO]: Preparing start region for dimension minecraft:the_end
[17:27:30] [Server thread/INFO]: Time elapsed: 87 ms
[17:27:30] [Server thread/INFO]: Running delayed init tasks
[17:27:30] [Server thread/INFO]: Done (4.435s)! For help, type "help"
[17:27:30] [Server thread/INFO]: Timings Reset
[17:28:01] [User Authenticator #0/INFO]: UUID of player stringzero is f6caec2d-05df-3ce6-ac77-74e51f95212f
[17:28:02] [Server thread/INFO]: stringzero joined the game
[17:28:02] [Server thread/INFO]: stringzero[/191.217.171.52:49700] logged in with entity id 79 at ([world]-107.8217258886697, 62.5, -82.97259959414289)
[17:28:41] [User Authenticator #0/INFO]: UUID of player Amendocrem is 67a7a371-1707-33e7-b792-5b99ca9f10cd
[17:28:42] [Server thread/INFO]: Amendocrem joined the game
[17:28:42] [Server thread/INFO]: Amendocrem[/189.6.13.3:21910] logged in with entity id 1375 at ([world]-107.69999998807907, 56.0, -88.61397896892132)
[17:28:43] [User Authenticator #0/INFO]: UUID of player PumpkinSopa is 72f4722f-cd18-37f4-8fb6-e8994289175d
[17:28:43] [Server thread/INFO]: PumpkinSopa joined the game
[17:28:43] [Server thread/INFO]: PumpkinSopa[/45.184.68.239:37554] logged in with entity id 1378 at ([world]-147.70040755156134, 82.0, -100.72690991699324)
[18:02:36] [Server thread/INFO]: Villager Villager['Librarian'/233, uuid='f26bb694-c810-411a-ae94-c221296b972f', l='ServerLevel[world]', x=-148.30, y=69.00, z=-139.70, cpos=[-10, -9], tl=298867, v=true] died, message: 'Librarian was slain by Zombie'
[18:02:56] [Server thread/INFO]: Villager Villager['Librarian'/169, uuid='caf15381-b1a2-4535-b44f-d14c70d7faaa', l='ServerLevel[world]', x=-148.30, y=69.00, z=-123.70, cpos=[-10, -8], tl=298401, v=true] died, message: 'Librarian was slain by Zombie'
[18:18:05] [Server thread/WARN]: Can't keep up! Is the server overloaded? Running 2512ms or 50 ticks behind
[19:15:46] [Server thread/INFO]: PumpkinSopa has made the advancement [Ice Bucket Challenge]
[21:00:36] [Server thread/INFO]: Amendocrem was shot by PumpkinSopa
[21:01:47] [Server thread/INFO]: Amendocrem was shot by PumpkinSopa
[21:03:24] [Server thread/INFO]: PumpkinSopa lost connection: Disconnected
[21:03:24] [Server thread/INFO]: PumpkinSopa left the game
[21:03:27] [User Authenticator #1/INFO]: UUID of player PumpkinSopa is 72f4722f-cd18-37f4-8fb6-e8994289175d
[21:03:28] [Server thread/INFO]: PumpkinSopa joined the game
[21:03:28] [Server thread/INFO]: PumpkinSopa[/45.184.68.239:37440] logged in with entity id 74620 at ([world]-20.30000001192093, 77.78074998688697, -159.69999998807907)
[21:13:35] [Server thread/INFO]: Amendocrem was blown up by Creeper
[21:20:35] [Server thread/WARN]: Skeleton Horse (vehicle of PumpkinSopa) moved wrongly! 0.3319208065331054
[21:35:48] [Server thread/INFO]: stringzero has made the advancement [Hidden in the Depths]
[21:40:00] [Server thread/INFO]: PumpkinSopa lost connection: Disconnected
[21:40:00] [Server thread/INFO]: PumpkinSopa left the game
[21:54:04] [Server thread/INFO]: Villager Villager['Librarian'/232, uuid='686a7af1-758b-4cbe-911d-b8b52c1d41b9', l='ServerLevel[world]', x=-129.30, y=79.00, z=-183.76, cpos=[-9, -12], tl=536750, v=true] died, message: 'Librarian was slain by Zombie'
[22:38:05] [Server thread/INFO]: Villager Villager['Librarian'/231, uuid='bc19b376-57e2-404e-8a96-ba57cd52428a', l='ServerLevel[world]', x=-148.31, y=69.00, z=-137.69, cpos=[-10, -9], tl=586176, v=true] died, message: 'Librarian was slain by stringzero'
[22:38:20] [Server thread/INFO]: Villager Villager['Librarian'/167, uuid='132a28a3-953c-49dd-b4f9-d395912c12ac', l='ServerLevel[world]', x=-148.32, y=69.00, z=-127.38, cpos=[-10, -8], tl=586325, v=true] died, message: 'Librarian was slain by stringzero'
[23:02:35] [Server thread/INFO]: Villager Villager['Librarian'/263, uuid='e6b04983-c786-4315-af3a-0c4ffca1a8c3', l='ServerLevel[world]', x=-140.30, y=75.56, z=-153.30, cpos=[-9, -10], tl=620706, v=true] died, message: 'Librarian was slain by stringzero'
[23:17:35] [Server thread/INFO]: Villager Villager['Villager'/266, uuid='55f43681-ce41-4d4b-aeaa-15971cc62324', l='ServerLevel[world]', x=-133.59, y=75.56, z=-154.60, cpos=[-9, -10], tl=638709, v=true] died, message: 'Villager was slain by Amendocrem'
[23:17:39] [Server thread/INFO]: Villager Villager['Villager'/265, uuid='2298f907-87b1-4b86-a377-554f24018a0e', l='ServerLevel[world]', x=-133.48, y=75.66, z=-155.52, cpos=[-9, -10], tl=638797, v=true] died, message: 'Villager was slain by Amendocrem'
[23:41:40] [Async Chat Thread - #0/INFO]: [Not Secure] <stringzero> skeletons, zombies, zombie villagers, withers, wither skeletons, zombified piglins, skeleton horses, zombie horses(15), strays, husks, phantoms, drowned, and zoglins.
[23:43:11] [Server thread/INFO]: stringzero lost connection: Disconnected
[23:43:11] [Server thread/INFO]: stringzero left the game
[23:43:27] [Server thread/INFO]: Stopping server
[23:43:27] [Server thread/INFO]: Saving players
[23:43:28] [Server thread/INFO]: Amendocrem lost connection: Server closed
[23:43:28] [Server thread/INFO]: Amendocrem left the game
[23:43:28] [Server thread/INFO]: Saving worlds
[23:43:28] [Server thread/INFO]: Saving chunks for level 'ServerLevel[world]'/minecraft:overworld
[23:43:28] [Server thread/INFO]: [ChunkHolderManager] Waiting 60s for chunk system to halt for world 'world'
[23:43:28] [Server thread/INFO]: [ChunkHolderManager] Halted chunk system for world 'world'
[23:43:28] [Server thread/INFO]: [ChunkHolderManager] Saving all chunkholders for world 'world'
[23:43:28] [Server thread/INFO]: [ChunkHolderManager] Saved 20 block chunks, 943 entity chunks, 3 poi chunks in world 'world' in 0,16s
[23:43:28] [Server thread/INFO]: ThreadedAnvilChunkStorage (world): All chunks are saved
[23:43:28] [Server thread/INFO]: Saving chunks for level 'ServerLevel[world_nether]'/minecraft:the_nether
[23:43:28] [Server thread/INFO]: [ChunkHolderManager] Waiting 60s for chunk system to halt for world 'world_nether'
[23:43:28] [Server thread/INFO]: [ChunkHolderManager] Halted chunk system for world 'world_nether'
[23:43:28] [Server thread/INFO]: [ChunkHolderManager] Saving all chunkholders for world 'world_nether'
[23:43:28] [Server thread/INFO]: [ChunkHolderManager] Saved 35 block chunks, 170 entity chunks, 0 poi chunks in world 'world_nether' in 0,08s
[23:43:28] [Server thread/INFO]: ThreadedAnvilChunkStorage (DIM-1): All chunks are saved
[23:43:28] [Server thread/INFO]: Saving chunks for level 'ServerLevel[world_the_end]'/minecraft:the_end
[23:43:28] [Server thread/INFO]: [ChunkHolderManager] Waiting 60s for chunk system to halt for world 'world_the_end'
[23:43:28] [Server thread/INFO]: [ChunkHolderManager] Halted chunk system for world 'world_the_end'
[23:43:28] [Server thread/INFO]: [ChunkHolderManager] Saving all chunkholders for world 'world_the_end'
[23:43:28] [Server thread/INFO]: [ChunkHolderManager] Saved 0 block chunks, 10 entity chunks, 0 poi chunks in world 'world_the_end' in 0,00s
[23:43:28] [Server thread/INFO]: ThreadedAnvilChunkStorage (DIM1): All chunks are saved
[23:43:28] [Server thread/INFO]: ThreadedAnvilChunkStorage: All dimensions are saved
[23:43:28] [Server thread/INFO]: Flushing Chunk IO
[23:43:28] [Server thread/INFO]: Closing Thread Pool
[23:43:28] [Server thread/INFO]: Closing Server
