[19:06:55] [Server thread/WARN]: Can't keep up! Is the server overloaded? Running 66054958ms or 1321099 ticks behind
[22:57:59] [Server thread/INFO]: Stopping server
[22:57:59] [Server thread/INFO]: Saving players
[22:57:59] [Server thread/INFO]: Saving worlds
[22:57:59] [Server thread/INFO]: Saving chunks for level 'ServerLevel[world]'/minecraft:overworld
[22:57:59] [Server thread/INFO]: [ChunkHolderManager] Waiting 60s for chunk system to halt for world 'world'
[22:57:59] [Server thread/INFO]: [ChunkHolderManager] Halted chunk system for world 'world'
[22:57:59] [Server thread/INFO]: [ChunkHolderManager] Saving all chunkholders for world 'world'
[22:57:59] [Server thread/INFO]: [ChunkHolderManager] Saved 1 block chunks, 174 entity chunks, 0 poi chunks in world 'world' in 0,25s
[22:58:00] [Server thread/INFO]: ThreadedAnvilChunkStorage (world): All chunks are saved
[22:58:00] [Server thread/INFO]: Saving chunks for level 'ServerLevel[world_nether]'/minecraft:the_nether
[22:58:00] [Server thread/INFO]: [ChunkHolderManager] Waiting 60s for chunk system to halt for world 'world_nether'
[22:58:00] [Server thread/INFO]: [ChunkHolderManager] Halted chunk system for world 'world_nether'
[22:58:00] [Server thread/INFO]: [ChunkHolderManager] Saving all chunkholders for world 'world_nether'
[22:58:01] [Server thread/INFO]: [ChunkHolderManager] Saved 17 block chunks, 133 entity chunks, 0 poi chunks in world 'world_nether' in 0,82s
[22:58:01] [Server thread/INFO]: ThreadedAnvilChunkStorage (DIM-1): All chunks are saved
[22:58:01] [Server thread/INFO]: Saving chunks for level 'ServerLevel[world_the_end]'/minecraft:the_end
[22:58:01] [Server thread/INFO]: [ChunkHolderManager] Waiting 60s for chunk system to halt for world 'world_the_end'
[22:58:01] [Server thread/INFO]: [ChunkHolderManager] Halted chunk system for world 'world_the_end'
[22:58:01] [Server thread/INFO]: [ChunkHolderManager] Saving all chunkholders for world 'world_the_end'
[22:58:01] [Server thread/INFO]: [ChunkHolderManager] Saved 0 block chunks, 34 entity chunks, 0 poi chunks in world 'world_the_end' in 0,18s
[22:58:01] [Server thread/INFO]: ThreadedAnvilChunkStorage (DIM1): All chunks are saved
[22:58:01] [Server thread/INFO]: ThreadedAnvilChunkStorage: All dimensions are saved
[22:58:02] [Server thread/INFO]: Flushing Chunk IO
[22:58:02] [Server thread/INFO]: Closing Thread Pool
[22:58:02] [Server thread/INFO]: Closing Server
