[20:08:14] [ServerMain/INFO]: Environment: Environment[sessionHost=https://sessionserver.mojang.com, servicesHost=https://api.minecraftservices.com, name=PROD]
[20:08:17] [ServerMain/INFO]: Loaded 1175 recipes
[20:08:17] [ServerMain/INFO]: Loaded 1276 advancements
[20:08:17] [Server thread/INFO]: Starting minecraft server version 1.20.6
[20:08:17] [Server thread/INFO]: Loading properties
[20:08:17] [Server thread/INFO]: This server is running Paper version 1.20.6-150-ver/1.20.6@e61b73f (2024-09-16T19:18:19Z) (Implementing API version 1.20.6-R0.1-SNAPSHOT)
[20:08:18] [Server thread/INFO]: Server Ping Player Sample Count: 12
[20:08:18] [Server thread/INFO]: Using 4 threads for Netty based IO
[20:08:19] [Server thread/WARN]: [!] The timings profiler has been enabled but has been scheduled for removal from Paper in the future.
    We recommend installing the spark profiler as a replacement: https://spark.lucko.me/
    For more information please visit: https://github.com/PaperMC/Paper/issues/8948
[20:08:19] [Server thread/INFO]: [ChunkTaskScheduler] Chunk system is using 1 I/O threads, 4 worker threads, and gen parallelism of 4 threads
[20:08:19] [Server thread/INFO]: Default game type: SURVIVAL
[20:08:19] [Server thread/INFO]: Generating keypair
[20:08:19] [Server thread/INFO]: Starting Minecraft server on *:25565
[20:08:19] [Server thread/INFO]: Using default channel type
[20:08:19] [Server thread/INFO]: Paper: Using Java compression from Velocity.
[20:08:19] [Server thread/INFO]: Paper: Using Java cipher from Velocity.
[20:08:19] [Server thread/INFO]: Server permissions file permissions.yml is empty, ignoring it
[20:08:19] [Server thread/WARN]: **** SERVER IS RUNNING IN OFFLINE/INSECURE MODE!
[20:08:19] [Server thread/WARN]: The server will make no attempt to authenticate usernames. Beware.
[20:08:19] [Server thread/WARN]: While this makes the game possible to play without internet access, it also opens up the ability for hackers to connect with any username they choose.
[20:08:19] [Server thread/WARN]: To change this, set "online-mode" to "true" in the server.properties file.
[20:08:19] [Server thread/INFO]: Preparing level "world"
[20:08:20] [Server thread/INFO]: Preparing start region for dimension minecraft:overworld
[20:08:21] [Server thread/INFO]: Time elapsed: 1254 ms
[20:08:21] [Server thread/INFO]: Preparing start region for dimension minecraft:the_nether
[20:08:21] [Server thread/INFO]: Time elapsed: 178 ms
[20:08:21] [Server thread/INFO]: Preparing start region for dimension minecraft:the_end
[20:08:22] [Server thread/INFO]: Time elapsed: 174 ms
[20:08:22] [Server thread/INFO]: Running delayed init tasks
[20:08:22] [Server thread/INFO]: Done (4.474s)! For help, type "help"
[20:08:22] [Server thread/INFO]: Timings Reset
[20:08:22] [User Authenticator #0/INFO]: UUID of player zeroth is 93a9dcdf-3cf1-3064-a4be-14c96ffc4316
[20:08:23] [Server thread/INFO]: zeroth joined the game
[20:08:23] [Server thread/INFO]: zeroth[/127.0.0.1:58706] logged in with entity id 46 at ([world]-8.5, 120.0, 8.5)
[20:08:28] [User Authenticator #0/INFO]: UUID of player Aleexos is 264582cc-0fc5-3568-9fe6-80f0f31b21a6
[20:08:29] [Server thread/INFO]: Aleexos joined the game
[20:08:29] [Server thread/INFO]: Aleexos[/189.83.17.227:50505] logged in with entity id 303 at ([world]-7.5, 118.0, 2.5)
[20:09:31] [User Authenticator #1/INFO]: UUID of player Edsonsauro is c4a2bc38-e933-3054-861a-3daf6ce70963
[20:09:33] [Server thread/INFO]: Edsonsauro joined the game
[20:09:33] [Server thread/INFO]: Edsonsauro[/187.114.157.189:54893] logged in with entity id 473 at ([world]-9.5, 117.0, -2.5)
[20:09:45] [Server thread/INFO]: zeroth has made the advancement [Stone Age]
[20:10:01] [Server thread/INFO]: zeroth has made the advancement [Getting an Upgrade]
[20:10:56] [Server thread/INFO]: Edsonsauro has made the advancement [Getting an Upgrade]
[20:11:50] [Server thread/INFO]: Aleexos has made the advancement [Getting an Upgrade]
[20:15:15] [Server thread/INFO]: Aleexos has made the advancement [Stone Age]
[20:16:53] [Server thread/INFO]: zeroth has made the advancement [Monster Hunter]
[20:16:56] [Server thread/INFO]: Edsonsauro has made the advancement [Stone Age]
[20:17:06] [Server thread/INFO]: zeroth has made the advancement [Acquire Hardware]
[20:17:59] [Server thread/INFO]: Edsonsauro was doomed to fall by Zombie
[20:21:45] [Server thread/INFO]: Aleexos has made the advancement [Monster Hunter]
[20:23:14] [Server thread/INFO]: zeroth has made the advancement [Isn't It Iron Pick]
[20:23:23] [Server thread/INFO]: Edsonsauro has made the advancement [Isn't It Iron Pick]
[20:23:46] [Server thread/INFO]: Aleexos has made the advancement [Isn't It Iron Pick]
[20:25:11] [Server thread/INFO]: Edsonsauro was blown up by Creeper
[20:28:13] [Server thread/INFO]: Edsonsauro has made the advancement [Acquire Hardware]
[20:34:01] [Server thread/INFO]: Edsonsauro has made the advancement [A Seedy Place]
[20:34:17] [Server thread/INFO]: zeroth has made the advancement [A Seedy Place]
[20:43:04] [Server thread/INFO]: Aleexos was shot by Skeleton
[20:44:40] [Server thread/INFO]: Edsonsauro has made the advancement [Monster Hunter]
[20:44:58] [Server thread/INFO]: Edsonsauro was shot by Skeleton
[20:59:10] [Server thread/INFO]: Aleexos has made the advancement [A Seedy Place]
[21:01:09] [Server thread/INFO]: Aleexos was blown up by Creeper
[21:05:03] [Server thread/INFO]: Edsonsauro was shot by Skeleton
[21:17:43] [Server thread/INFO]: Edsonsauro was shot by Skeleton
[21:18:24] [Server thread/INFO]: Edsonsauro has made the advancement [Not Today, Thank You]
[21:18:34] [Server thread/INFO]: Edsonsauro was shot by Skeleton
[21:31:26] [Server thread/INFO]: Aleexos has made the advancement [Acquire Hardware]
[21:35:00] [Server thread/INFO]: Edsonsauro was burned to a crisp while fighting Zombie
[21:36:50] [Server thread/INFO]: Edsonsauro was shot by Skeleton
[21:37:22] [Server thread/INFO]: Edsonsauro was shot by Skeleton
[21:39:30] [Server thread/INFO]: Aleexos was shot by Skeleton
[21:40:28] [Server thread/INFO]: Edsonsauro was slain by Spider
[21:40:38] [Server thread/INFO]: Aleexos was shot by Skeleton
[21:40:59] [Server thread/INFO]: Aleexos was shot by Skeleton
[21:42:57] [Server thread/INFO]: Aleexos was shot by Skeleton
[21:52:24] [Server thread/INFO]: zeroth has made the advancement [Hot Stuff]
[21:52:40] [Async Chat Thread - #0/INFO]: [Not Secure] <zeroth> 50 23
[22:00:15] [Server thread/INFO]: Aleexos has made the advancement [Sweet Dreams]
[22:00:15] [Server thread/INFO]: zeroth has made the advancement [Sweet Dreams]
[22:00:16] [Server thread/INFO]: Edsonsauro has made the advancement [Sweet Dreams]
[22:04:51] [Server thread/INFO]: zeroth has made the advancement [The Parrots and the Bats]
[22:12:37] [Server thread/INFO]: Edsonsauro was poked to death by a sweet berry bush
[22:37:13] [Server thread/INFO]: Aleexos fell from a high place
[22:59:35] [User Authenticator #2/INFO]: UUID of player Dinosicaro is d51f7ae1-a13b-3410-b5c6-3b5615e3b8be
[22:59:36] [Server thread/INFO]: Dinosicaro joined the game
[22:59:36] [Server thread/INFO]: Dinosicaro[/179.224.183.115:3636] logged in with entity id 27347 at ([world]9.5, 120.0, 4.5)
[22:59:45] [Server thread/INFO]: Dinosicaro was blown up by Creeper
[22:59:46] [Async Chat Thread - #1/INFO]: [Not Secure] <zeroth> -100 0
[23:03:08] [Async Chat Thread - #3/INFO]: [Not Secure] <zeroth> -100 0
[23:04:19] [Server thread/INFO]: Dinosicaro was doomed to fall by Skeleton
[23:07:10] [Server thread/INFO]: Dinosicaro lost connection: Disconnected
[23:07:10] [Server thread/INFO]: Dinosicaro left the game
[23:26:10] [Server thread/INFO]: Aleexos has made the advancement [Diamonds!]
[23:35:12] [Server thread/INFO]: Edsonsauro has made the advancement [The Parrots and the Bats]
[23:45:12] [Server thread/INFO]: Edsonsauro lost connection: Disconnected
[23:45:12] [Server thread/INFO]: Edsonsauro left the game
[23:45:14] [Server thread/INFO]: zeroth lost connection: Disconnected
[23:45:14] [Server thread/INFO]: zeroth left the game
[23:45:24] [Server thread/INFO]: Aleexos lost connection: Disconnected
[23:45:24] [Server thread/INFO]: Aleexos left the game
[23:45:28] [Server thread/INFO]: Stopping server
[23:45:28] [Server thread/INFO]: Saving players
[23:45:28] [Server thread/INFO]: Saving worlds
[23:45:28] [Server thread/INFO]: Saving chunks for level 'ServerLevel[world]'/minecraft:overworld
[23:45:28] [Server thread/INFO]: [ChunkHolderManager] Waiting 60s for chunk system to halt for world 'world'
[23:45:28] [Server thread/INFO]: [ChunkHolderManager] Halted chunk system for world 'world'
[23:45:28] [Server thread/INFO]: [ChunkHolderManager] Saving all chunkholders for world 'world'
[23:45:28] [Server thread/INFO]: [ChunkHolderManager] Saved 38 block chunks, 180 entity chunks, 1 poi chunks in world 'world' in 0,09s
[23:45:28] [Server thread/INFO]: ThreadedAnvilChunkStorage (world): All chunks are saved
[23:45:28] [Server thread/INFO]: Saving chunks for level 'ServerLevel[world_nether]'/minecraft:the_nether
[23:45:28] [Server thread/INFO]: [ChunkHolderManager] Waiting 60s for chunk system to halt for world 'world_nether'
[23:45:28] [Server thread/INFO]: [ChunkHolderManager] Halted chunk system for world 'world_nether'
[23:45:28] [Server thread/INFO]: [ChunkHolderManager] Saving all chunkholders for world 'world_nether'
[23:45:28] [Server thread/INFO]: [ChunkHolderManager] Saved 0 block chunks, 1 entity chunks, 0 poi chunks in world 'world_nether' in 0,00s
[23:45:28] [Server thread/INFO]: ThreadedAnvilChunkStorage (DIM-1): All chunks are saved
[23:45:28] [Server thread/INFO]: Saving chunks for level 'ServerLevel[world_the_end]'/minecraft:the_end
[23:45:28] [Server thread/INFO]: [ChunkHolderManager] Waiting 60s for chunk system to halt for world 'world_the_end'
[23:45:28] [Server thread/INFO]: [ChunkHolderManager] Halted chunk system for world 'world_the_end'
[23:45:28] [Server thread/INFO]: [ChunkHolderManager] Saving all chunkholders for world 'world_the_end'
[23:45:28] [Server thread/INFO]: [ChunkHolderManager] Saved 0 block chunks, 10 entity chunks, 0 poi chunks in world 'world_the_end' in 0,00s
[23:45:28] [Server thread/INFO]: ThreadedAnvilChunkStorage (DIM1): All chunks are saved
[23:45:28] [Server thread/INFO]: ThreadedAnvilChunkStorage: All dimensions are saved
[23:45:28] [Server thread/INFO]: Flushing Chunk IO
[23:45:28] [Server thread/INFO]: Closing Thread Pool
[23:45:28] [Server thread/INFO]: Closing Server
